Build started 18/05/2016 13:24:47.
     1>Project "C:\Users\Víctor\Documents\GitHub\Steeplechase\Xarxes\Juego\Juego\Juego.vcxproj" on node 2 (Build target(s)).
     1>ClCompile:
         C:\Program Files (x86)\Microsoft Visual Studio 14.0\VC\bin\CL.exe /c /ZI /nologo /W3 /WX- /sdl /Od /Oy- /D WIN32 /D _DEBUG /D _CONSOLE /D _UNICODE /D UNICODE /Gm /EHsc /RTC1 /MDd /GS /fp:precise /Zc:wchar_t /Zc:forScope /Zc:inline /Fo"Debug\\" /Fd"Debug\vc140.pdb" /Gd /TP /analyze- /errorReport:prompt Game.cpp Main.cpp NetworkManager.cpp
     1>cl : Command line warning D9028: minimal rebuild failure, reverting to normal build
         Game.cpp
         Main.cpp
         NetworkManager.cpp
         Generating Code...
       Link:
         C:\Program Files (x86)\Microsoft Visual Studio 14.0\VC\bin\link.exe /ERRORREPORT:PROMPT /OUT:"C:\Users\Víctor\Documents\GitHub\Steeplechase\Xarxes\Juego\Debug\Juego.exe" /INCREMENTAL /NOLOGO d3d11.lib dxguid.lib winmm.lib comctl32.lib Ws2_32.lib SocketLib.lib sdl2.lib sdl2main.lib sdl2_image.lib sdl2_ttf.lib kernel32.lib user32.lib gdi32.lib winspool.lib comdlg32.lib advapi32.lib shell32.lib ole32.lib oleaut32.lib uuid.lib odbc32.lib odbccp32.lib kernel32.lib user32.lib gdi32.lib winspool.lib comdlg32.lib advapi32.lib shell32.lib ole32.lib oleaut32.lib uuid.lib odbc32.lib odbccp32.lib /MANIFEST /MANIFESTUAC:"level='asInvoker' uiAccess='false'" /manifest:embed /Debug /PDB:"C:\Users\Víctor\Documents\GitHub\Steeplechase\Xarxes\Juego\Debug\Juego.pdb" /SUBSYSTEM:CONSOLE /TLBID:1 /DYNAMICBASE /NXCOMPAT /IMPLIB:"C:\Users\Víctor\Documents\GitHub\Steeplechase\Xarxes\Juego\Debug\Juego.lib" /MACHINE:X86 Debug\ErrorManagement.obj
         Debug\Game.obj
         Debug\InputManager.obj
         Debug\Main.obj
         Debug\NetworkManager.obj
         Debug\SDLInterface.obj
         Debug\Sprite.obj
         Juego.vcxproj -> C:\Users\Víctor\Documents\GitHub\Steeplechase\Xarxes\Juego\Debug\Juego.exe
     1>Done Building Project "C:\Users\Víctor\Documents\GitHub\Steeplechase\Xarxes\Juego\Juego\Juego.vcxproj" (Build target(s)).

Build succeeded.

Time Elapsed 00:00:05.18
